<?xml version="1.0" encoding="UTF-8"?>
<!-- Generated by org.testng.reporters.JUnitReportReporter -->
<testsuite hostname="DESKTOP-MIE8JAS" failures="0" tests="3" name="com.telran.demoqa.tests.bookStoreTests.LoginPageTests" time="14.652" errors="0" timestamp="2022-05-09T09:47:23 CEST" skipped="1">
  <testcase classname="com.telran.demoqa.tests.bookStoreTests.LoginPageTests" name="loginPositiveParametersTest" time="7.495"/>
  <system-out/>
  <testcase classname="com.telran.demoqa.tests.bookStoreTests.LoginPageTests" name="loginPositiveTest" time="7.157"/>
  <system-out/>
  <testcase classname="com.telran.demoqa.tests.bookStoreTests.LoginPageTests" name="loginPositiveWithAssertTest">
    <skipped/>
  </testcase> <!-- loginPositiveWithAssertTest -->
  <system-out/>
</testsuite> <!-- com.telran.demoqa.tests.bookStoreTests.LoginPageTests -->
